Determining if the pthread_create exist failed with the following output:
Change Dir: /home/midearobot/catkin_ws/src/cmake-build-debug/CMakeFiles/CMakeTmp

Run Build Command:"/usr/bin/make" "cmTC_b54bf/fast"
/usr/bin/make -f CMakeFiles/cmTC_b54bf.dir/build.make CMakeFiles/cmTC_b54bf.dir/build
make[1]: Entering directory `/home/midearobot/catkin_ws/src/cmake-build-debug/CMakeFiles/CMakeTmp'
Building C object CMakeFiles/cmTC_b54bf.dir/CheckSymbolExists.c.o
/usr/bin/cc    -o CMakeFiles/cmTC_b54bf.dir/CheckSymbolExists.c.o   -c /home/midearobot/catkin_ws/src/cmake-build-debug/CMakeFiles/CMakeTmp/CheckSymbolExists.c
Linking C executable cmTC_b54bf
/home/midearobot/Software/clion-2017.3.4/bin/cmake/bin/cmake -E cmake_link_script CMakeFiles/cmTC_b54bf.dir/link.txt --verbose=1
/usr/bin/cc      -rdynamic CMakeFiles/cmTC_b54bf.dir/CheckSymbolExists.c.o  -o cmTC_b54bf 
CMakeFiles/cmTC_b54bf.dir/CheckSymbolExists.c.o: In function `main':
CheckSymbolExists.c:(.text+0x16): undefined reference to `pthread_create'
collect2: error: ld returned 1 exit status
make[1]: *** [cmTC_b54bf] Error 1
make[1]: Leaving directory `/home/midearobot/catkin_ws/src/cmake-build-debug/CMakeFiles/CMakeTmp'
make: *** [cmTC_b54bf/fast] Error 2

File /home/midearobot/catkin_ws/src/cmake-build-debug/CMakeFiles/CMakeTmp/CheckSymbolExists.c:
/* */
#include <pthread.h>

int main(int argc, char** argv)
{
  (void)argv;
#ifndef pthread_create
  return ((int*)(&pthread_create))[argc];
#else
  (void)argc;
  return 0;
#endif
}

Determining if the function pthread_create exists in the pthreads failed with the following output:
Change Dir: /home/midearobot/catkin_ws/src/cmake-build-debug/CMakeFiles/CMakeTmp

Run Build Command:"/usr/bin/make" "cmTC_e0621/fast"
/usr/bin/make -f CMakeFiles/cmTC_e0621.dir/build.make CMakeFiles/cmTC_e0621.dir/build
make[1]: Entering directory `/home/midearobot/catkin_ws/src/cmake-build-debug/CMakeFiles/CMakeTmp'
Building C object CMakeFiles/cmTC_e0621.dir/CheckFunctionExists.c.o
/usr/bin/cc   -DCHECK_FUNCTION_EXISTS=pthread_create   -o CMakeFiles/cmTC_e0621.dir/CheckFunctionExists.c.o   -c /home/midearobot/Software/clion-2017.3.4/bin/cmake/share/cmake-3.9/Modules/CheckFunctionExists.c
Linking C executable cmTC_e0621
/home/midearobot/Software/clion-2017.3.4/bin/cmake/bin/cmake -E cmake_link_script CMakeFiles/cmTC_e0621.dir/link.txt --verbose=1
/usr/bin/cc  -DCHECK_FUNCTION_EXISTS=pthread_create    -rdynamic CMakeFiles/cmTC_e0621.dir/CheckFunctionExists.c.o  -o cmTC_e0621 -lpthreads 
/usr/bin/ld: cannot find -lpthreads
collect2: error: ld returned 1 exit status
make[1]: *** [cmTC_e0621] Error 1
make[1]: Leaving directory `/home/midearobot/catkin_ws/src/cmake-build-debug/CMakeFiles/CMakeTmp'
make: *** [cmTC_e0621/fast] Error 2


